<?xml version="1.0" encoding="UTF-8"?>
<!-- Generated by org.testng.reporters.JUnitXMLReporter -->
<testsuite ignored="6" hostname="PRASANTH" failures="0" tests="4" name="Test" time="13.182" errors="0" timestamp="2025-01-27T18:16:39 IST">
  <testcase classname="Test_cases.Contact_info_TC" name="Contact_Info" time="5.771"/>
  <testcase classname="Test_cases.Sign_in_TC" name="Sign_in_test" time="4.313"/>
  <testcase classname="Test_cases.Flight_info_TC" name="Flight_TC" time="1.474"/>
  <testcase classname="Test_cases.Preference_info_TC" name="Preference_TC" time="1.292"/>
  <testcase classname="TestScript.Base_TestNG" name="@BeforeSuite Test_Prac" time="0.0">
    <ignored/>
  </testcase> <!-- @BeforeSuite Test_Prac -->
  <testcase classname="TestScript.Base_TestNG" name="@AfterSuite Tear_Down" time="0.0">
    <ignored/>
  </testcase> <!-- @AfterSuite Tear_Down -->
  <testcase classname="TestScript.Base_TestNG" name="@AfterSuite Tear_Down" time="0.0">
    <ignored/>
  </testcase> <!-- @AfterSuite Tear_Down -->
  <testcase classname="TestScript.Base_TestNG" name="@BeforeSuite Test_Prac" time="0.0">
    <ignored/>
  </testcase> <!-- @BeforeSuite Test_Prac -->
  <testcase classname="TestScript.Base_TestNG" name="@BeforeSuite Test_Prac" time="0.0">
    <ignored/>
  </testcase> <!-- @BeforeSuite Test_Prac -->
  <testcase classname="TestScript.Base_TestNG" name="@AfterSuite Tear_Down" time="0.0">
    <ignored/>
  </testcase> <!-- @AfterSuite Tear_Down -->
</testsuite> <!-- Test -->
